<?xml version="1.0" encoding="UTF-8"?>
<testng-results ignored="0" total="3" passed="3" failed="0" skipped="0">
  <reporter-output>
  </reporter-output>
  <suite started-at="2024-07-21T01:23:22 IST" name="Default suite" finished-at="2024-07-21T01:23:47 IST" duration-ms="25934">
    <groups>
    </groups>
    <test started-at="2024-07-21T01:23:22 IST" name="Default test" finished-at="2024-07-21T01:23:47 IST" duration-ms="25934">
      <class name="freelancer.freelanceSeleniumProject.VerifyHeaderMenu">
        <test-method is-config="true" signature="implWait()[pri:0, instance:freelancer.freelanceSeleniumProject.VerifyHeaderMenu@3a52dba3]" started-at="2024-07-21T01:23:22 IST" name="implWait" finished-at="2024-07-21T01:23:25 IST" duration-ms="3676" status="PASS">
          <reporter-output>
          </reporter-output>
        </test-method> <!-- implWait -->
        <test-method signature="ValidateLogin()[pri:0, instance:freelancer.freelanceSeleniumProject.VerifyHeaderMenu@3a52dba3]" started-at="2024-07-21T01:23:25 IST" name="ValidateLogin" finished-at="2024-07-21T01:23:34 IST" duration-ms="9095" status="PASS">
          <reporter-output>
          </reporter-output>
        </test-method> <!-- ValidateLogin -->
        <test-method is-config="true" signature="logout()[pri:0, instance:freelancer.freelanceSeleniumProject.VerifyHeaderMenu@3a52dba3]" started-at="2024-07-21T01:23:34 IST" name="logout" finished-at="2024-07-21T01:23:36 IST" duration-ms="1466" status="PASS">
          <reporter-output>
          </reporter-output>
        </test-method> <!-- logout -->
        <test-method signature="validateContactPopup()[pri:0, instance:freelancer.freelanceSeleniumProject.VerifyHeaderMenu@3a52dba3]" started-at="2024-07-21T01:23:36 IST" name="validateContactPopup" finished-at="2024-07-21T01:23:39 IST" duration-ms="3416" status="PASS">
          <reporter-output>
          </reporter-output>
        </test-method> <!-- validateContactPopup -->
        <test-method is-config="true" signature="logout()[pri:0, instance:freelancer.freelanceSeleniumProject.VerifyHeaderMenu@3a52dba3]" started-at="2024-07-21T01:23:39 IST" name="logout" finished-at="2024-07-21T01:23:41 IST" duration-ms="1720" status="PASS">
          <reporter-output>
          </reporter-output>
        </test-method> <!-- logout -->
        <test-method signature="verifyAboutUs()[pri:0, instance:freelancer.freelanceSeleniumProject.VerifyHeaderMenu@3a52dba3]" started-at="2024-07-21T01:23:41 IST" name="verifyAboutUs" finished-at="2024-07-21T01:23:45 IST" duration-ms="4367" status="PASS">
          <reporter-output>
          </reporter-output>
        </test-method> <!-- verifyAboutUs -->
        <test-method is-config="true" signature="logout()[pri:0, instance:freelancer.freelanceSeleniumProject.VerifyHeaderMenu@3a52dba3]" started-at="2024-07-21T01:23:45 IST" name="logout" finished-at="2024-07-21T01:23:47 IST" duration-ms="1815" status="PASS">
          <reporter-output>
          </reporter-output>
        </test-method> <!-- logout -->
        <test-method is-config="true" signature="closeBrowser()[pri:0, instance:freelancer.freelanceSeleniumProject.VerifyHeaderMenu@3a52dba3]" started-at="2024-07-21T01:23:47 IST" name="closeBrowser" finished-at="2024-07-21T01:23:47 IST" duration-ms="317" status="PASS">
          <reporter-output>
          </reporter-output>
        </test-method> <!-- closeBrowser -->
      </class> <!-- freelancer.freelanceSeleniumProject.VerifyHeaderMenu -->
    </test> <!-- Default test -->
  </suite> <!-- Default suite -->
</testng-results>
