<?xml version="1.0" encoding="UTF-8"?>
<testng-results ignored="0" total="1" passed="1" failed="0" skipped="0">
  <reporter-output>
  </reporter-output>
  <suite started-at="2024-07-06T22:41:18 IST" name="Default suite" finished-at="2024-07-06T22:41:18 IST" duration-ms="100">
    <groups>
    </groups>
    <test started-at="2024-07-06T22:41:18 IST" name="Default test" finished-at="2024-07-06T22:41:18 IST" duration-ms="100">
      <class name="freelancer.freelanceSeleniumProject.AppTest">
        <test-method signature="shouldAnswerWithTrue()[pri:0, instance:freelancer.freelanceSeleniumProject.AppTest@65fb9ffc]" started-at="2024-07-06T22:41:18 IST" name="shouldAnswerWithTrue" finished-at="2024-07-06T22:41:18 IST" duration-ms="19" status="PASS">
          <reporter-output>
          </reporter-output>
        </test-method> <!-- shouldAnswerWithTrue -->
      </class> <!-- freelancer.freelanceSeleniumProject.AppTest -->
    </test> <!-- Default test -->
  </suite> <!-- Default suite -->
</testng-results>
