<?xml version="1.0" encoding="UTF-8"?>
<!-- Generated by org.testng.reporters.JUnitXMLReporter -->
<testsuite ignored="0" hostname="LAPTOP-1RIL5N58" failures="0" tests="2" name="Default test" time="19.631" errors="0" timestamp="2024-07-20T15:27:56 IST">
  <testcase classname="freelancer.freelanceSeleniumProject.VerifyHeaderMenu" name="ValidateLogin" time="10.652"/>
  <testcase classname="freelancer.freelanceSeleniumProject.VerifyHeaderMenu" name="validateContactPopup" time="3.643"/>
</testsuite> <!-- Default test -->
