<?xml version="1.0" encoding="UTF-8"?>
<!-- Generated by org.testng.reporters.JUnitXMLReporter -->
<testsuite ignored="0" hostname="LAPTOP-1RIL5N58" failures="0" tests="3" name="Default test" time="25.934" errors="0" timestamp="2024-07-21T01:23:47 IST">
  <testcase classname="freelancer.freelanceSeleniumProject.VerifyHeaderMenu" name="ValidateLogin" time="9.095"/>
  <testcase classname="freelancer.freelanceSeleniumProject.VerifyHeaderMenu" name="validateContactPopup" time="3.416"/>
  <testcase classname="freelancer.freelanceSeleniumProject.VerifyHeaderMenu" name="verifyAboutUs" time="4.367"/>
</testsuite> <!-- Default test -->
